<?xml version="1.0" encoding="UTF-8"?>
<!-- Generated by org.testng.reporters.JUnitReportReporter -->
<testsuite skipped="0" hostname="HAKIMI" name="test.LoginTest" tests="1" failures="0" timestamp="2022-03-28T22:02:45 CDT" time="8.855" errors="0">
  <testcase name="validUserShouldBeAbleLogin" time="8.855" classname="test.LoginTest"/>
  <system-out/>
</testsuite> <!-- test.LoginTest -->
