<?xml version="1.0" encoding="UTF-8"?>
<!-- Generated by org.testng.reporters.JUnitReportReporter -->
<testsuite hostname="HAKIMI" failures="0" tests="1" name="util.BrowserFactory" time="6.354" errors="0" timestamp="2022-02-26T18:09:00 CST" skipped="0">
  <testcase classname="util.BrowserFactory" name="init" time="6.354"/>
  <system-out/>
</testsuite> <!-- util.BrowserFactory -->
